<?xml version="1.0" encoding="UTF-8"?><testrun name="A_Final" project="TextExcel" tests="3" started="3" failures="3" errors="0" ignored="0">
  <testsuite name="textExcel.TestsALL.A_Final" time="0.501">
    <testcase name="testFileIOComplex" classname="textExcel.TestsALL.A_Final" time="0.45">
      <failure>
        <expected>0.1</expected>
        <actual/>org.junit.ComparisonFailure: value cell inspection after reload expected:&lt;[0.1]&gt; but was:&lt;[]&gt;
	at org.junit.Assert.assertEquals(Assert.java:115)
	at textExcel.TestsALL$A_Final.testFileIOComplex(TestsALL.java:726)
	at sun.reflect.NativeMethodAccessorImpl.invoke0(Native Method)
	at sun.reflect.NativeMethodAccessorImpl.invoke(NativeMethodAccessorImpl.java:62)
	at sun.reflect.DelegatingMethodAccessorImpl.invoke(DelegatingMethodAccessorImpl.java:43)
	at java.lang.reflect.Method.invoke(Method.java:498)
	at org.junit.runners.model.FrameworkMethod$1.runReflectiveCall(FrameworkMethod.java:50)
	at org.junit.internal.runners.model.ReflectiveCallable.run(ReflectiveCallable.java:12)
	at org.junit.runners.model.FrameworkMethod.invokeExplosively(FrameworkMethod.java:47)
	at org.junit.internal.runners.statements.InvokeMethod.evaluate(InvokeMethod.java:17)
	at org.junit.internal.runners.statements.RunBefores.evaluate(RunBefores.java:26)
	at org.junit.runners.ParentRunner.runLeaf(ParentRunner.java:325)
	at org.junit.runners.BlockJUnit4ClassRunner.runChild(BlockJUnit4ClassRunner.java:78)
	at org.junit.runners.BlockJUnit4ClassRunner.runChild(BlockJUnit4ClassRunner.java:57)
	at org.junit.runners.ParentRunner$3.run(ParentRunner.java:290)
	at org.junit.runners.ParentRunner$1.schedule(ParentRunner.java:71)
	at org.junit.runners.ParentRunner.runChildren(ParentRunner.java:288)
	at org.junit.runners.ParentRunner.access$000(ParentRunner.java:58)
	at org.junit.runners.ParentRunner$2.evaluate(ParentRunner.java:268)
	at org.junit.runners.ParentRunner.run(ParentRunner.java:363)
	at org.eclipse.jdt.internal.junit4.runner.JUnit4TestReference.run(JUnit4TestReference.java:86)
	at org.eclipse.jdt.internal.junit.runner.TestExecution.run(TestExecution.java:38)
	at org.eclipse.jdt.internal.junit.runner.RemoteTestRunner.runTests(RemoteTestRunner.java:459)
	at org.eclipse.jdt.internal.junit.runner.RemoteTestRunner.runTests(RemoteTestRunner.java:678)
	at org.eclipse.jdt.internal.junit.runner.RemoteTestRunner.run(RemoteTestRunner.java:382)
	at org.eclipse.jdt.internal.junit.runner.RemoteTestRunner.main(RemoteTestRunner.java:192)

</failure>
    </testcase>
    <testcase name="testSaveFormat" classname="textExcel.TestsALL.A_Final" time="0.019">
      <failure>
        <expected>0</expected>
        <actual>1</actual>org.junit.ComparisonFailure: Unable to open TestSaveFormat.csv: TestSaveFormat.csv (No such file or directory) expected:&lt;[0]&gt; but was:&lt;[1]&gt;
	at org.junit.Assert.assertEquals(Assert.java:115)
	at textExcel.TestsALL$A_Final.testSaveFormat(TestsALL.java:591)
	at sun.reflect.NativeMethodAccessorImpl.invoke0(Native Method)
	at sun.reflect.NativeMethodAccessorImpl.invoke(NativeMethodAccessorImpl.java:62)
	at sun.reflect.DelegatingMethodAccessorImpl.invoke(DelegatingMethodAccessorImpl.java:43)
	at java.lang.reflect.Method.invoke(Method.java:498)
	at org.junit.runners.model.FrameworkMethod$1.runReflectiveCall(FrameworkMethod.java:50)
	at org.junit.internal.runners.model.ReflectiveCallable.run(ReflectiveCallable.java:12)
	at org.junit.runners.model.FrameworkMethod.invokeExplosively(FrameworkMethod.java:47)
	at org.junit.internal.runners.statements.InvokeMethod.evaluate(InvokeMethod.java:17)
	at org.junit.internal.runners.statements.RunBefores.evaluate(RunBefores.java:26)
	at org.junit.runners.ParentRunner.runLeaf(ParentRunner.java:325)
	at org.junit.runners.BlockJUnit4ClassRunner.runChild(BlockJUnit4ClassRunner.java:78)
	at org.junit.runners.BlockJUnit4ClassRunner.runChild(BlockJUnit4ClassRunner.java:57)
	at org.junit.runners.ParentRunner$3.run(ParentRunner.java:290)
	at org.junit.runners.ParentRunner$1.schedule(ParentRunner.java:71)
	at org.junit.runners.ParentRunner.runChildren(ParentRunner.java:288)
	at org.junit.runners.ParentRunner.access$000(ParentRunner.java:58)
	at org.junit.runners.ParentRunner$2.evaluate(ParentRunner.java:268)
	at org.junit.runners.ParentRunner.run(ParentRunner.java:363)
	at org.eclipse.jdt.internal.junit4.runner.JUnit4TestReference.run(JUnit4TestReference.java:86)
	at org.eclipse.jdt.internal.junit.runner.TestExecution.run(TestExecution.java:38)
	at org.eclipse.jdt.internal.junit.runner.RemoteTestRunner.runTests(RemoteTestRunner.java:459)
	at org.eclipse.jdt.internal.junit.runner.RemoteTestRunner.runTests(RemoteTestRunner.java:678)
	at org.eclipse.jdt.internal.junit.runner.RemoteTestRunner.run(RemoteTestRunner.java:382)
	at org.eclipse.jdt.internal.junit.runner.RemoteTestRunner.main(RemoteTestRunner.java:192)

</failure>
    </testcase>
    <testcase name="testFileIOSimple" classname="textExcel.TestsALL.A_Final" time="0.03">
      <failure>
        <expected>   |A         |B         |C         |D         |E         |F         |G         |H         |I         |J         |K         |L         |
1  |1%        |          |          |          |          |          |          |          |          |          |          |          |
2  |-5.0      |          |          |          |          |          |          |          |          |          |          |          |
3  |          |          |          |          |          |          |          |          |          |          |          |          |
4  |          |          |          |          |          |          |          |          |          |          |          |          |
5  |          |          |          |          |          |          |          |          |          |          |          |          |
6  |          |          |          |          |          |          |          |          |          |          |          |          |
7  |          |          |          |          |          |          |          |          |          |          |          |          |
8  |          |          |          |ChocolateC|          |          |          |          |          |          |          |          |
9  |          |          |          |          |          |          |          |          |          |          |          |          |
10 |          |          |          |          |          |          |          |          |          |          |          |          |
11 |          |          |          |          |          |          |          |          |          |          |          |          |
12 |          |          |          |          |          |          |          |          |          |          |          |          |
13 |          |          |          |          |          |          |          |          |          |          |          |          |
14 |          |          |          |          |          |          |          |          |          |          |          |          |
15 |          |          |          |          |          |          |          |          |          |          |          |          |
16 |          |          |          |          |          |          |          |          |          |          |          |          |
17 |          |          |          |          |          |          |          |          |          |          |          |          |
18 |          |          |          |          |          |          |          |          |          |          |          |          |
19 |          |          |          |          |          |          |          |          |          |          |2.718     |          |
20 |          |          |          |          |          |          |          |          |          |          |          |0.0       |
</expected>
        <actual/>org.junit.ComparisonFailure: grid after save and open expected:&lt;[   |A         |B         |C         |D         |E         |F         |G         |H         |I         |J         |K         |L         |
1  |1%        |          |          |          |          |          |          |          |          |          |          |          |
2  |-5.0      |          |          |          |          |          |          |          |          |          |          |          |
3  |          |          |          |          |          |          |          |          |          |          |          |          |
4  |          |          |          |          |          |          |          |          |          |          |          |          |
5  |          |          |          |          |          |          |          |          |          |          |          |          |
6  |          |          |          |          |          |          |          |          |          |          |          |          |
7  |          |          |          |          |          |          |          |          |          |          |          |          |
8  |          |          |          |ChocolateC|          |          |          |          |          |          |          |          |
9  |          |          |          |          |          |          |          |          |          |          |          |          |
10 |          |          |          |          |          |          |          |          |          |          |          |          |
11 |          |          |          |          |          |          |          |          |          |          |          |          |
12 |          |          |          |          |          |          |          |          |          |          |          |          |
13 |          |          |          |          |          |          |          |          |          |          |          |          |
14 |          |          |          |          |          |          |          |          |          |          |          |          |
15 |          |          |          |          |          |          |          |          |          |          |          |          |
16 |          |          |          |          |          |          |          |          |          |          |          |          |
17 |          |          |          |          |          |          |          |          |          |          |          |          |
18 |          |          |          |          |          |          |          |          |          |          |          |          |
19 |          |          |          |          |          |          |          |          |          |          |2.718     |          |
20 |          |          |          |          |          |          |          |          |          |          |          |0.0       |
]&gt; but was:&lt;[]&gt;
	at org.junit.Assert.assertEquals(Assert.java:115)
	at textExcel.TestsALL$A_Final.testFileIOSimple(TestsALL.java:648)
	at sun.reflect.NativeMethodAccessorImpl.invoke0(Native Method)
	at sun.reflect.NativeMethodAccessorImpl.invoke(NativeMethodAccessorImpl.java:62)
	at sun.reflect.DelegatingMethodAccessorImpl.invoke(DelegatingMethodAccessorImpl.java:43)
	at java.lang.reflect.Method.invoke(Method.java:498)
	at org.junit.runners.model.FrameworkMethod$1.runReflectiveCall(FrameworkMethod.java:50)
	at org.junit.internal.runners.model.ReflectiveCallable.run(ReflectiveCallable.java:12)
	at org.junit.runners.model.FrameworkMethod.invokeExplosively(FrameworkMethod.java:47)
	at org.junit.internal.runners.statements.InvokeMethod.evaluate(InvokeMethod.java:17)
	at org.junit.internal.runners.statements.RunBefores.evaluate(RunBefores.java:26)
	at org.junit.runners.ParentRunner.runLeaf(ParentRunner.java:325)
	at org.junit.runners.BlockJUnit4ClassRunner.runChild(BlockJUnit4ClassRunner.java:78)
	at org.junit.runners.BlockJUnit4ClassRunner.runChild(BlockJUnit4ClassRunner.java:57)
	at org.junit.runners.ParentRunner$3.run(ParentRunner.java:290)
	at org.junit.runners.ParentRunner$1.schedule(ParentRunner.java:71)
	at org.junit.runners.ParentRunner.runChildren(ParentRunner.java:288)
	at org.junit.runners.ParentRunner.access$000(ParentRunner.java:58)
	at org.junit.runners.ParentRunner$2.evaluate(ParentRunner.java:268)
	at org.junit.runners.ParentRunner.run(ParentRunner.java:363)
	at org.eclipse.jdt.internal.junit4.runner.JUnit4TestReference.run(JUnit4TestReference.java:86)
	at org.eclipse.jdt.internal.junit.runner.TestExecution.run(TestExecution.java:38)
	at org.eclipse.jdt.internal.junit.runner.RemoteTestRunner.runTests(RemoteTestRunner.java:459)
	at org.eclipse.jdt.internal.junit.runner.RemoteTestRunner.runTests(RemoteTestRunner.java:678)
	at org.eclipse.jdt.internal.junit.runner.RemoteTestRunner.run(RemoteTestRunner.java:382)
	at org.eclipse.jdt.internal.junit.runner.RemoteTestRunner.main(RemoteTestRunner.java:192)

</failure>
    </testcase>
  </testsuite>
</testrun>
