<?xml version="1.0" encoding="UTF-8"?><testrun name="A_Checkpoint1" project="TextExcel" tests="5" started="5" failures="0" errors="1" ignored="0">
  <testsuite name="textExcel.TestsALL.A_Checkpoint1" time="0.001">
    <testcase name="testGetCols" classname="textExcel.TestsALL.A_Checkpoint1" time="0.0"/>
    <testcase name="testGetRows" classname="textExcel.TestsALL.A_Checkpoint1" time="0.0"/>
    <testcase name="testProcessCommand" classname="textExcel.TestsALL.A_Checkpoint1" time="0.0"/>
    <testcase name="testProcessCommandNonliteralEmpty" classname="textExcel.TestsALL.A_Checkpoint1" time="0.0"/>
    <testcase name="testLongShortStringCell" classname="textExcel.TestsALL.A_Checkpoint1" time="0.001">
      <error>java.util.regex.PatternSyntaxException: Illegal octal escape sequence near index 6
(?&lt;=\0)(?=\d)|(?&lt;\d)(?=\D)
      ^
	at java.util.regex.Pattern.error(Pattern.java:1955)
	at java.util.regex.Pattern.o(Pattern.java:3192)
	at java.util.regex.Pattern.escape(Pattern.java:2300)
	at java.util.regex.Pattern.atom(Pattern.java:2198)
	at java.util.regex.Pattern.sequence(Pattern.java:2079)
	at java.util.regex.Pattern.expr(Pattern.java:1996)
	at java.util.regex.Pattern.group0(Pattern.java:2858)
	at java.util.regex.Pattern.sequence(Pattern.java:2051)
	at java.util.regex.Pattern.expr(Pattern.java:1996)
	at java.util.regex.Pattern.compile(Pattern.java:1696)
	at java.util.regex.Pattern.&lt;init&gt;(Pattern.java:1351)
	at java.util.regex.Pattern.compile(Pattern.java:1028)
	at java.lang.String.split(String.java:2380)
	at java.lang.String.split(String.java:2422)
	at textExcel.SpreadsheetLocation.split(SpreadsheetLocation.java:29)
	at textExcel.SpreadsheetLocation.&lt;init&gt;(SpreadsheetLocation.java:23)
	at textExcel.TestsALL$A_Checkpoint1.testLongShortStringCell(TestsALL.java:141)
	at sun.reflect.NativeMethodAccessorImpl.invoke0(Native Method)
	at sun.reflect.NativeMethodAccessorImpl.invoke(NativeMethodAccessorImpl.java:62)
	at sun.reflect.DelegatingMethodAccessorImpl.invoke(DelegatingMethodAccessorImpl.java:43)
	at java.lang.reflect.Method.invoke(Method.java:498)
	at org.junit.runners.model.FrameworkMethod$1.runReflectiveCall(FrameworkMethod.java:50)
	at org.junit.internal.runners.model.ReflectiveCallable.run(ReflectiveCallable.java:12)
	at org.junit.runners.model.FrameworkMethod.invokeExplosively(FrameworkMethod.java:47)
	at org.junit.internal.runners.statements.InvokeMethod.evaluate(InvokeMethod.java:17)
	at org.junit.internal.runners.statements.RunBefores.evaluate(RunBefores.java:26)
	at org.junit.runners.ParentRunner.runLeaf(ParentRunner.java:325)
	at org.junit.runners.BlockJUnit4ClassRunner.runChild(BlockJUnit4ClassRunner.java:78)
	at org.junit.runners.BlockJUnit4ClassRunner.runChild(BlockJUnit4ClassRunner.java:57)
	at org.junit.runners.ParentRunner$3.run(ParentRunner.java:290)
	at org.junit.runners.ParentRunner$1.schedule(ParentRunner.java:71)
	at org.junit.runners.ParentRunner.runChildren(ParentRunner.java:288)
	at org.junit.runners.ParentRunner.access$000(ParentRunner.java:58)
	at org.junit.runners.ParentRunner$2.evaluate(ParentRunner.java:268)
	at org.junit.runners.ParentRunner.run(ParentRunner.java:363)
	at org.eclipse.jdt.internal.junit4.runner.JUnit4TestReference.run(JUnit4TestReference.java:86)
	at org.eclipse.jdt.internal.junit.runner.TestExecution.run(TestExecution.java:38)
	at org.eclipse.jdt.internal.junit.runner.RemoteTestRunner.runTests(RemoteTestRunner.java:459)
	at org.eclipse.jdt.internal.junit.runner.RemoteTestRunner.runTests(RemoteTestRunner.java:678)
	at org.eclipse.jdt.internal.junit.runner.RemoteTestRunner.run(RemoteTestRunner.java:382)
	at org.eclipse.jdt.internal.junit.runner.RemoteTestRunner.main(RemoteTestRunner.java:192)

</error>
    </testcase>
  </testsuite>
</testrun>
